numAgents maxRounds probNak probFickle probExtend[seed]

---------------------------------------------------------------
	Bilal Abu-Ghazaleh
	CPSC 427/527
	Tue Dec 11 2018	17:15:03
---------------------------------------------------------------
Welcome to Consensus Simulator!
Using seed: 1543782199
   numAgents:     10
   maxRounds:    100
     probNak:    0.9
  probFickle:   0.05
  probExtend:    0.1

Population statistics:
      numNak:      8
   numFickle:      0
    numCrowd:      2
     numOnes:      0
  probExtend:    0.1

Starting simulation with probExtend = 0.1

Current blockchain choices after 100 rounds:
Agent 0 choice: [0,1] [1,109] [2,115] [3,139] [4,147] [5,239] 
Agent 1 choice: [0,1] [1,109] [2,115] [3,139] [4,147] [5,239] 
Agent 2 choice: [0,1] [1,109] [2,115] [3,139] [4,147] [5,239] 
Agent 3 choice: [0,1] [1,109] [2,115] [3,139] [4,147] [5,253] 
Agent 4 choice: [0,1] [1,65] [2,229] [3,247] 
Agent 5 choice: [0,1] [1,99] 
Agent 6 choice: [0,1] [1,109] [2,115] [3,139] [4,147] 
Agent 7 choice: [0,1] [1,109] [2,115] [3,139] [4,147] [5,239] 
Agent 8 choice: [0,1] [1,109] [2,115] [3,139] [4,147] [5,239] 
Agent 9 choice: [0,1] [1,109] [2,115] [3,139] [4,147] [5,239] 



---------------------------------------------------------------
Normal termination.

---------------------------------------------------------------
	Bilal Abu-Ghazaleh
	CPSC 427/527
	Tue Dec 11 2018	17:15:21
---------------------------------------------------------------
Welcome to Consensus Simulator!
Using seed: 1544566521
   numAgents:     10
   maxRounds:    100
     probNak:    0.9
  probFickle:   0.05
  probExtend:    0.1

Population statistics:
      numNak:     10
   numFickle:      0
    numCrowd:      0
     numOnes:      0
  probExtend:    0.1

Starting simulation with probExtend = 0.1

Current blockchain choices after 100 rounds:
Agent 0 choice: [0,1] [1,85] [2,121] [3,161] [4,175] [5,241] 
Agent 1 choice: [0,1] [1,85] [2,121] [3,161] [4,175] 
Agent 2 choice: [0,1] [1,85] [2,121] [3,161] [4,255] 
Agent 3 choice: [0,1] [1,85] [2,121] [3,161] [4,175] 
Agent 4 choice: [0,1] [1,85] [2,121] [3,161] [4,175] [5,241] 
Agent 5 choice: [0,1] [1,85] [2,121] [3,161] [4,175] 
Agent 6 choice: [0,1] [1,85] [2,121] [3,161] [4,175] [5,241] 
Agent 7 choice: [0,1] [1,85] [2,121] [3,161] [4,255] 
Agent 8 choice: [0,1] [1,85] [2,121] [3,161] [4,175] 
Agent 9 choice: [0,1] [1,85] [2,121] [3,161] [4,175] 



---------------------------------------------------------------
Normal termination.



---------------------------------------------------------------
	Bilal Abu-Ghazaleh
	CPSC 427/527
	Tue Dec 11 2018	17:15:43
---------------------------------------------------------------
Welcome to Consensus Simulator!
Using seed: 1544566543
   numAgents:    100
   maxRounds:    100
     probNak:    0.9
  probFickle:   0.05
  probExtend:    0.1

Population statistics:
      numNak:     87
   numFickle:      0
    numCrowd:     13
     numOnes:      0
  probExtend:    0.1

Starting simulation with probExtend = 0.1

Current blockchain choices after 100 rounds:
Agent 0 choice: [0,1] 
Agent 1 choice: [0,1] [1,468] 
Agent 2 choice: [0,1] 
Agent 3 choice: [0,1] [1,528] [2,596] 
Agent 4 choice: [0,1] [1,428] 
Agent 5 choice: [0,1] 
Agent 6 choice: [0,1] 
Agent 7 choice: [0,1] 
Agent 8 choice: [0,1] [1,556] 
Agent 9 choice: [0,1] 
Agent 10 choice: [0,1] 
Agent 11 choice: [0,1] 
Agent 12 choice: [0,1] 
Agent 13 choice: [0,1] 
Agent 14 choice: [0,1] 
Agent 15 choice: [0,1] 
Agent 16 choice: [0,1] 
Agent 17 choice: [0,1] [1,566] 
Agent 18 choice: [0,1] 
Agent 19 choice: [0,1] 
Agent 20 choice: [0,1] [1,528] [2,596] 
Agent 21 choice: [0,1] 
Agent 22 choice: [0,1] 
Agent 23 choice: [0,1] 
Agent 24 choice: [0,1] 
Agent 25 choice: [0,1] 
Agent 26 choice: [0,1] 
Agent 27 choice: [0,1] 
Agent 28 choice: [0,1] [1,644] 
Agent 29 choice: [0,1] 
Agent 30 choice: [0,1] 
Agent 31 choice: [0,1] [1,544] 
Agent 32 choice: [0,1] 
Agent 33 choice: [0,1] 
Agent 34 choice: [0,1] 
Agent 35 choice: [0,1] 
Agent 36 choice: [0,1] 
Agent 37 choice: [0,1] 
Agent 38 choice: [0,1] 
Agent 39 choice: [0,1] 
Agent 40 choice: [0,1] 
Agent 41 choice: [0,1] 
Agent 42 choice: [0,1] [1,566] 
Agent 43 choice: [0,1] 
Agent 44 choice: [0,1] 
Agent 45 choice: [0,1] 
Agent 46 choice: [0,1] 
Agent 47 choice: [0,1] [1,446] 
Agent 48 choice: [0,1] [1,500] 
Agent 49 choice: [0,1] 
Agent 50 choice: [0,1] 
Agent 51 choice: [0,1] 
Agent 52 choice: [0,1] 
Agent 53 choice: [0,1] [1,578] 
Agent 54 choice: [0,1] [1,428] 
Agent 55 choice: [0,1] 
Agent 56 choice: [0,1] [1,500] 
Agent 57 choice: [0,1] 
Agent 58 choice: [0,1] 
Agent 59 choice: [0,1] 
Agent 60 choice: [0,1] 
Agent 61 choice: [0,1] 
Agent 62 choice: [0,1] 
Agent 63 choice: [0,1] 
Agent 64 choice: [0,1] 
Agent 65 choice: [0,1] 
Agent 66 choice: [0,1] 
Agent 67 choice: [0,1] [1,458] 
Agent 68 choice: [0,1] 
Agent 69 choice: [0,1] [1,428] 
Agent 70 choice: [0,1] 
Agent 71 choice: [0,1] [1,636] 
Agent 72 choice: [0,1] 
Agent 73 choice: [0,1] 
Agent 74 choice: [0,1] 
Agent 75 choice: [0,1] [1,528] [2,596] 
Agent 76 choice: [0,1] 
Agent 77 choice: [0,1] 
Agent 78 choice: [0,1] 
Agent 79 choice: [0,1] 
Agent 80 choice: [0,1] 
Agent 81 choice: [0,1] 
Agent 82 choice: [0,1] 
Agent 83 choice: [0,1] [1,556] 
Agent 84 choice: [0,1] 
Agent 85 choice: [0,1] 
Agent 86 choice: [0,1] 
Agent 87 choice: [0,1] 
Agent 88 choice: [0,1] 
Agent 89 choice: [0,1] 
Agent 90 choice: [0,1] 
Agent 91 choice: [0,1] 
Agent 92 choice: [0,1] 
Agent 93 choice: [0,1] 
Agent 94 choice: [0,1] 
Agent 95 choice: [0,1] 
Agent 96 choice: [0,1] 
Agent 97 choice: [0,1] 
Agent 98 choice: [0,1] 
Agent 99 choice: [0,1] 



---------------------------------------------------------------
Normal termination.



---------------------------------------------------------------
	Bilal Abu-Ghazaleh
	CPSC 427/527
	Tue Dec 11 2018	17:16:17
---------------------------------------------------------------
Welcome to Consensus Simulator!
Using seed: 1544566577
   numAgents:     10
   maxRounds:   1000
     probNak:    0.9
  probFickle:   0.05
  probExtend:    0.1

Population statistics:
      numNak:      9
   numFickle:      0
    numCrowd:      1
     numOnes:      0
  probExtend:    0.1

Starting simulation with probExtend = 0.1

Current blockchain choices after 1000 rounds:
Agent 0 choice: [0,1] [1,82] [2,120] [3,146] [4,268] [5,306] [6,350] [7,376] [8,400] [9,460] [10,530] [11,592] [12,644] [13,876] [14,882] [15,928] [16,1012] [17,1126] [18,1202] [19,1236] [20,1302] [21,1358] [22,1394] [23,1438] [24,1446] [25,1502] [26,1558] [27,1610] [28,1686] [29,1706] [30,1788] [31,1824] [32,1958] [33,1994] [34,2256] [35,2366] 
Agent 1 choice: [0,1] [1,82] [2,120] [3,146] [4,268] [5,306] [6,350] [7,376] [8,400] [9,460] [10,530] [11,592] [12,644] [13,876] [14,882] [15,928] [16,1012] [17,1126] [18,1202] [19,1236] [20,1302] [21,1358] [22,1394] [23,1438] [24,1446] [25,1502] [26,1558] [27,1610] [28,1686] [29,1706] [30,1788] [31,1824] [32,1958] [33,1994] [34,2280] [35,2286] [36,2338] [37,2386] 
Agent 2 choice: [0,1] [1,82] [2,120] [3,146] [4,268] [5,306] [6,350] [7,376] [8,400] [9,460] [10,530] [11,592] [12,644] [13,876] [14,882] [15,928] [16,1012] [17,1126] [18,1202] [19,1236] [20,1302] [21,1358] [22,1394] [23,1438] [24,1446] [25,1502] [26,1558] [27,1610] [28,1686] [29,1706] [30,1788] [31,1824] [32,1958] [33,1994] [34,2280] [35,2286] [36,2338] [37,2360] [38,2434] 
Agent 3 choice: [0,1] [1,82] [2,120] [3,146] [4,268] [5,306] [6,350] [7,376] [8,400] [9,460] [10,530] [11,592] [12,644] [13,876] [14,882] [15,928] [16,1012] [17,1126] [18,1202] [19,1236] [20,1302] [21,1358] [22,1394] [23,1438] [24,1446] [25,1502] [26,1558] [27,1610] [28,1686] [29,1706] [30,1788] [31,1824] [32,1958] [33,1994] [34,2280] [35,2286] [36,2338] [37,2360] 
Agent 4 choice: [0,1] [1,82] [2,120] [3,146] [4,268] [5,306] [6,350] [7,376] [8,400] [9,460] [10,530] [11,592] [12,644] [13,876] [14,882] [15,928] [16,1012] [17,1126] [18,1202] [19,1236] [20,1302] [21,1358] [22,1394] [23,1438] [24,1446] [25,1502] [26,1558] [27,1610] [28,1686] [29,1706] [30,1788] [31,1824] [32,1958] [33,1994] [34,2280] [35,2286] 
Agent 5 choice: [0,1] [1,82] [2,120] [3,146] [4,268] [5,306] [6,350] [7,376] [8,400] [9,460] [10,530] [11,592] [12,644] [13,876] [14,882] [15,928] [16,1012] [17,1126] [18,1202] [19,1236] [20,1302] [21,1358] [22,1394] [23,1438] [24,1446] [25,1502] [26,1558] [27,1610] [28,1686] [29,1706] [30,1788] [31,1824] [32,1958] [33,1994] 
Agent 6 choice: [0,1] [1,82] [2,120] [3,146] [4,268] [5,306] [6,350] [7,376] [8,400] [9,460] [10,530] [11,592] [12,644] [13,876] [14,882] [15,928] [16,1012] [17,1126] [18,1202] [19,1236] [20,1302] [21,1358] [22,1394] [23,1438] [24,1446] [25,1502] [26,1558] [27,1610] [28,1686] [29,1706] [30,1788] [31,1824] [32,1958] [33,1994] [34,2280] [35,2286] [36,2338] [37,2360] [38,2446] 
Agent 7 choice: [0,1] [1,82] [2,120] [3,146] [4,268] [5,306] [6,350] [7,376] [8,400] [9,460] [10,530] [11,592] [12,644] [13,876] [14,882] [15,928] [16,1012] [17,1126] [18,1202] [19,1236] [20,1302] [21,1358] [22,1394] [23,1438] [24,1446] [25,1502] [26,1558] [27,1610] [28,1686] [29,1706] [30,1788] [31,1824] [32,1958] [33,1994] [34,2280] [35,2286] [36,2338] [37,2386] 
Agent 8 choice: [0,1] [1,82] [2,120] [3,146] [4,268] [5,306] [6,350] [7,376] [8,400] [9,460] [10,530] [11,592] [12,644] [13,876] [14,882] [15,928] [16,1012] [17,1126] [18,1202] [19,1236] [20,1302] [21,1358] [22,1394] [23,1438] [24,1446] [25,1502] [26,1558] [27,1610] [28,1686] [29,1706] [30,1788] [31,1824] [32,1958] [33,1994] [34,2256] [35,2350] 
Agent 9 choice: [0,1] [1,82] [2,120] [3,146] [4,268] [5,306] [6,350] [7,376] [8,400] [9,460] [10,530] [11,592] [12,644] [13,876] [14,882] [15,928] [16,1012] [17,1126] [18,1202] [19,1236] [20,1302] [21,1358] [22,1394] [23,1438] [24,1446] [25,1502] [26,1558] [27,1610] [28,1686] [29,1706] [30,1788] [31,1824] [32,1958] [33,1994] [34,2280] [35,2286] [36,2338] [37,2360] 



---------------------------------------------------------------
Normal termination.


---------------------------------------------------------------
	Bilal Abu-Ghazaleh
	CPSC 427/527
	Tue Dec 11 2018	17:16:55
---------------------------------------------------------------
Please verify CMDs in range.




---------------------------------------------------------------
	Bilal Abu-Ghazaleh
	CPSC 427/527
	Tue Dec 11 2018	17:16:55
---------------------------------------------------------------
Please verify CMDs in range.




---------------------------------------------------------------
	Bilal Abu-Ghazaleh
	CPSC 427/527
	Tue Dec 11 2018	17:16:55
---------------------------------------------------------------
Please verify CMDs in range.




---------------------------------------------------------------
	Bilal Abu-Ghazaleh
	CPSC 427/527
	Tue Dec 11 2018	17:17:48
---------------------------------------------------------------
Welcome to Consensus Simulator!
Using seed: 1544566668
   numAgents:     10
   maxRounds:    100
     probNak:    0.9
  probFickle:   0.05
  probExtend:    0.4

Population statistics:
      numNak:      8
   numFickle:      0
    numCrowd:      2
     numOnes:      0
  probExtend:    0.4

Starting simulation with probExtend = 0.4

Current blockchain choices after 100 rounds:
Agent 0 choice: [0,1] [1,327] [2,361] [3,369] 
Agent 1 choice: [0,1] [1,63] [2,89] [3,107] [4,183] [5,203] [6,211] [7,287] [8,319] 
Agent 2 choice: [0,1] [1,63] [2,89] [3,107] [4,183] [5,279] [6,333] [7,349] 
Agent 3 choice: [0,1] [1,63] [2,89] [3,107] [4,183] [5,203] [6,211] [7,287] [8,319] 
Agent 4 choice: [0,1] [1,51] [2,129] [3,143] [4,149] [5,223] 
Agent 5 choice: [0,1] [1,63] [2,89] [3,107] [4,183] [5,203] [6,211] [7,287] [8,319] 
Agent 6 choice: [0,1] [1,63] [2,89] [3,107] [4,183] [5,203] [6,211] [7,287] [8,319] [9,341] 
Agent 7 choice: [0,1] [1,63] [2,89] [3,107] [4,183] [5,203] [6,211] [7,287] [8,319] [9,385] 
Agent 8 choice: [0,1] [1,63] [2,89] [3,107] [4,183] [5,203] [6,211] [7,287] [8,319] [9,341] 
Agent 9 choice: [0,1] [1,233] 



---------------------------------------------------------------
Normal termination.


Please verify CMDs in range.


Please verify CMDs in range.


---------------------------------------------------------------
	Bilal Abu-Ghazaleh
	CPSC 427/527
	Tue Dec 11 2018	17:20:28
---------------------------------------------------------------
Welcome to Consensus Simulator!
Using seed: 1544566828
   numAgents:    100
   maxRounds:   1000
     probNak:    0.9
  probFickle:   0.05
  probExtend:    0.9

Population statistics:
      numNak:     90
   numFickle:      0
    numCrowd:     10
     numOnes:      0
  probExtend:    0.9

Starting simulation with probExtend = 0.9

Current blockchain choices after 1000 rounds:
Agent 0 choice: [0,1] [1,681] [2,1055] [3,1231] [4,2325] [5,3533] [6,4141] [7,5321] [8,5421] [9,5965] 
Agent 1 choice: [0,1] [1,609] [2,633] [3,1827] [4,3029] [5,3053] [6,3307] [7,3607] [8,4187] [9,4711] [10,5067] 
Agent 2 choice: [0,1] [1,749] [2,1267] [3,1553] [4,2275] [5,5427] 
Agent 3 choice: [0,1] [1,1073] [2,2543] [3,2835] [4,4181] 
Agent 4 choice: [0,1] [1,2085] [2,2299] [3,3957] [4,4285] [5,5359] 
Agent 5 choice: [0,1] [1,699] [2,743] [3,1123] [4,1923] [5,2337] [6,2349] [7,3721] [8,4061] [9,5727] 
Agent 6 choice: [0,1] [1,885] [2,1579] [3,1889] [4,3509] [5,3819] [6,4031] [7,4263] [8,4519] [9,4531] [10,5691] 
Agent 7 choice: [0,1] [1,687] [2,2387] [3,3349] [4,4335] [5,4627] 
Agent 8 choice: [0,1] [1,421] [2,711] [3,731] [4,1177] [5,1207] [6,2705] [7,3177] [8,3367] [9,4475] [10,4809] [11,5073] [12,5079] 
Agent 9 choice: [0,1] [1,547] [2,915] [3,2641] [4,4755] [5,5243] [6,5389] 
Agent 10 choice: [0,1] [1,421] [2,711] [3,731] [4,1177] [5,1207] [6,2705] [7,3177] [8,3367] [9,4403] [10,4983] [11,5649] [12,5947] 
Agent 11 choice: [0,1] [1,749] [2,1267] [3,1553] [4,2841] [5,5043] 
Agent 12 choice: [0,1] [1,511] [2,871] [3,897] [4,1511] [5,1917] [6,2399] [7,2945] [8,3343] [9,3619] [10,3777] [11,3801] [12,4685] [13,4945] [14,5377] 
Agent 13 choice: [0,1] [1,523] [2,1019] [3,1395] [4,1643] [5,1703] [6,1971] [7,2073] [8,2245] [9,4043] [10,4513] [11,5049] [12,5279] [13,5643] 
Agent 14 choice: [0,1] [1,469] [2,1291] [3,1597] [4,2803] [5,3249] [6,3489] [7,3545] [8,4621] [9,4857] [10,5599] [11,5983] 
Agent 15 choice: [0,1] [1,1425] [2,2847] [3,3129] [4,3189] [5,3861] [6,4067] 
Agent 16 choice: [0,1] [1,651] [2,1037] [3,1255] [4,2311] [5,2691] [6,2903] [7,3331] [8,3709] [9,4499] [10,4573] [11,5605] 
Agent 17 choice: [0,1] [1,773] [2,797] [3,1315] [4,1559] [5,2161] [6,2561] [7,3075] [8,3965] [9,4115] [10,4555] 
Agent 18 choice: [0,1] [1,1773] [2,2219] [3,2975] [4,3319] [5,3325] [6,4193] [7,4383] [8,4561] [9,4647] [10,5001] [11,5139] [12,5757] 
Agent 19 choice: [0,1] [1,463] [2,487] [3,1803] [4,1859] [5,2537] [6,2599] [7,2785] [8,2963] [9,3569] [10,3873] [11,4421] [12,4543] [13,5929] 
Agent 20 choice: [0,1] [1,579] [2,1145] [3,1151] [4,1469] [5,1839] [6,2471] [7,3417] [8,3435] [9,3465] [10,4609] [11,5403] [12,5769] 
Agent 21 choice: [0,1] [1,1785] [2,2049] [3,2189] [4,2375] [5,2453] [6,2635] [7,3183] [8,3447] [9,4165] [10,4303] [11,5085] [12,5097] [13,5225] [14,5905] 
Agent 22 choice: [0,1] [1,573] [2,755] [3,791] [4,3471] [5,3739] [6,3813] [7,3925] [8,4127] [9,4451] [10,5219] [11,5673] 
Agent 23 choice: [0,1] [1,481] [2,603] [3,669] [4,1947] [5,2759] [6,3697] [7,3789] [8,4037] [9,4109] [10,4317] [11,4549] [12,6051] [13,6069] 
Agent 24 choice: [0,1] [1,493] [2,879] [3,971] [4,1679] [5,1741] [6,2489] [7,2877] [8,3375] [9,3429] [10,3593] [11,3733] [12,4469] [13,4851] 
Agent 25 choice: [0,1] [1,433] [2,565] [3,1001] [4,1375] [5,1847] [6,2177] [7,3497] [8,3587] [9,3653] [10,4673] 
Agent 26 choice: [0,1] [1,469] [2,1291] [3,2921] [4,3017] 
Agent 27 choice: [0,1] [1,547] [2,915] [3,2641] [4,3171] [5,3527] [6,3539] [7,3627] [8,4097] [9,4231] [10,4273] [11,4803] [12,5923] [13,6013] 
Agent 28 choice: [0,1] [1,597] [2,957] [3,1189] [4,1853] [5,1941] [6,2263] [7,3783] [8,4251] [9,4591] [10,4633] [11,5007] [12,5751] 
Agent 29 choice: [0,1] [1,821] [2,1137] [3,1797] [4,1905] [5,2459] [6,2617] [7,3087] [8,3123] [9,3441] [10,3715] [11,4013] [12,5201] [13,5593] 
Agent 30 choice: [0,1] [1,841] [2,965] [3,977] [4,1333] [5,1369] [6,1753] [7,1809] [8,1977] [9,3841] [10,4311] [11,4797] [12,5267] 
Agent 31 choice: [0,1] [1,615] [2,737] [3,2129] [4,2305] [5,2567] [6,2723] [7,3231] [8,3633] [9,3753] [10,3795] [11,4839] [12,5545] 
Agent 32 choice: [0,1] [1,1219] [2,1965] [3,3667] [4,3891] [5,4725] [6,4863] [7,5887] 
Agent 33 choice: [0,1] [1,427] [2,865] [3,927] [4,1195] [5,1237] [6,1821] [7,1883] [8,2213] [9,2501] [10,2659] [11,2909] [12,3047] [13,3477] [14,3899] [15,4537] [16,4977] [17,5055] [18,5483] [19,5881] 
Agent 34 choice: [0,1] [1,841] [2,965] [3,977] [4,3551] 
Agent 35 choice: [0,1] [1,1761] [2,3135] [3,3337] [4,5715] [5,5787] 
Agent 36 choice: [0,1] [1,1649] [2,2257] [3,2999] [4,3299] [5,5195] [6,5261] [7,6063] 
Agent 37 choice: [0,1] [1,1413] [2,2629] [3,2827] [4,3061] [5,3165] [6,4525] [7,4731] [8,5457] 
Agent 38 choice: [0,1] [1,421] [2,711] [3,731] [4,1177] [5,1207] [6,2705] [7,3177] [8,3367] [9,4025] [10,5395] [11,5527] [12,5667] 
Agent 39 choice: [0,1] [1,627] [2,1959] [3,2987] [4,3563] [5,3771] [6,4245] [7,4353] [8,4463] [9,5835] [10,5851] 
Agent 40 choice: [0,1] [1,1201] [2,1691] [3,1747] [4,2025] [5,2883] [6,3105] [7,3111] [8,3679] 
Agent 41 choice: [0,1] [1,903] [2,933] [3,1025] [4,1183] [5,1407] [6,3237] [7,4737] 
Agent 42 choice: [0,1] [1,803] [2,815] [3,2525] [4,2777] [5,3201] [6,3977] [7,4153] [8,4457] [9,4493] [10,4971] 
Agent 43 choice: [0,1] [1,989] [2,1117] [3,1475] [4,1517] [5,1865] [6,2441] [7,2507] [8,2859] [9,3659] [10,4073] [11,4103] [12,4135] 
Agent 44 choice: [0,1] [1,841] [2,965] [3,977] [4,1333] [5,1369] [6,1753] [7,1809] [8,1977] [9,3399] [10,3727] [11,4291] [12,5133] [13,5273] 
Agent 45 choice: [0,1] [1,989] [2,1117] [3,1475] [4,1517] [5,1865] [6,2441] [7,2507] [8,2859] [9,3659] [10,4073] [11,4103] [12,4135] [13,5333] 
Agent 46 choice: [0,1] [1,841] [2,965] [3,977] [4,1333] [5,1369] [6,1753] [7,1809] [8,1977] [9,3841] [10,5857] 
Agent 47 choice: [0,1] [1,1697] [2,2483] [3,2653] [4,2809] [5,3557] [6,4761] 
Agent 48 choice: [0,1] [1,767] [2,853] [3,859] [4,1895] [5,2791] [6,4615] [7,4883] [8,5519] [9,5799] [10,5817] 
Agent 49 choice: [0,1] [1,773] [2,797] [3,2711] [4,3275] [5,3521] [6,3647] [7,4091] [8,4297] [9,5189] [10,5383] [11,5533] [12,5581] [13,6001] [14,6039] 
Agent 50 choice: [0,1] [1,1085] [2,1303] [3,1929] [4,2007] [5,2575] [6,3067] [7,3931] [8,4213] [9,4371] [10,4395] [11,4705] [12,4953] [13,5469] [14,5625] 
Agent 51 choice: [0,1] [1,493] [2,879] [3,971] [4,1679] [5,1741] [6,2489] [7,2877] [8,3375] [9,3429] [10,3593] [11,3733] [12,4469] [13,4851] [14,5763] [15,5953] 
Agent 52 choice: [0,1] [1,835] [2,1163] [3,1273] [4,2001] [5,2429] [6,3453] [7,3703] [8,3835] [9,4219] [10,5513] [11,5679] [12,5845] [13,5959] [14,5995] 
Agent 53 choice: [0,1] [1,1499] [2,2013] [3,2141] [4,2447] [5,2957] [6,2969] [7,4567] [8,4767] [9,4827] [10,4939] [11,4959] [12,5721] 
Agent 54 choice: [0,1] [1,451] [2,529] [3,2933] [4,3483] [5,4207] [6,4279] [7,4925] [8,5019] [9,5151] 
Agent 55 choice: [0,1] [1,687] [2,2387] [3,3971] [4,4603] 
Agent 56 choice: [0,1] [1,585] [2,1327] [3,1529] [4,2147] [5,2981] 
Agent 57 choice: [0,1] [1,547] [2,915] [3,2641] [4,3171] [5,3527] [6,3539] [7,3627] [8,4097] [9,4779] [10,5013] [11,5451] [12,5703] 
Agent 58 choice: [0,1] [1,693] [2,891] [3,1079] [4,1363] [5,1667] [6,1953] [7,2037] [8,2343] [9,3281] [10,3405] [11,4791] [12,4889] [13,5177] [14,5917] 
Agent 59 choice: [0,1] [1,2115] [2,4323] [3,4445] [4,4697] 
Agent 60 choice: [0,1] [1,773] [2,797] [3,2711] [4,3275] [5,3521] [6,3647] [7,4091] [8,4297] [9,5189] [10,5383] [11,5533] [12,5581] 
Agent 61 choice: [0,1] [1,2061] [2,2771] [3,3195] [4,3745] [5,3995] [6,4845] [7,5115] [8,6027] 
Agent 62 choice: [0,1] [1,1709] [2,2605] [3,3023] [4,3263] [5,3387] [6,3937] [7,4377] [8,5207] [9,5433] [10,5989] 
Agent 63 choice: [0,1] [1,779] [2,1733] [3,2815] [4,3423] [5,3515] [6,4237] [7,4641] [8,4821] [9,5025] [10,5327] 
Agent 64 choice: [0,1] [1,663] [2,1105] [3,1261] [4,2317] [5,2647] [6,3225] [7,3807] [8,5037] [9,5309] [10,5911] 
Agent 65 choice: [0,1] [1,1007] [2,1297] [3,1351] [4,1381] [5,1389] [6,1439] [7,2405] [8,2797] [9,4505] [10,4877] [11,5255] [12,5415] 
Agent 66 choice: [0,1] [1,761] [2,1457] [3,1505] [4,1591] [5,1727] [6,2201] [7,2531] [8,2697] [9,2729] [10,3269] [11,3829] [12,4719] [13,4907] [14,5347] [15,5445] [16,5569] 
Agent 67 choice: [0,1] [1,547] [2,915] [3,2641] [4,5685] [5,5697] 
Agent 68 choice: [0,1] [1,1767] [2,2671] [3,3685] [4,4347] [5,4869] 
Agent 69 choice: [0,1] [1,657] [2,809] [3,1571] [4,1631] [5,1637] [6,2593] [7,3159] [8,3287] [9,3293] [10,3313] [11,5109] [12,5409] [13,5619] 
Agent 70 choice: [0,1] [1,415] [2,675] [3,1565] [4,2079] [5,2865] [6,4365] [7,4389] 
Agent 71 choice: [0,1] [1,983] [2,1285] [3,1309] [4,1603] [5,2477] [6,3147] [7,3759] [8,4901] [9,5551] [10,5805] [11,5829] 
Agent 72 choice: [0,1] [1,761] [2,1457] [3,1505] [4,1591] [5,1727] [6,2201] [7,2531] [8,2697] [9,2729] [10,3855] [11,3945] [12,4579] [13,4691] [14,5121] [15,5213] [16,5941] 
Agent 73 choice: [0,1] [1,1279] [2,1523] [3,2055] [4,2169] [5,2393] [6,5893] 
Agent 74 choice: [0,1] [1,481] [2,603] [3,669] [4,1947] [5,2759] [6,4007] [7,4359] [8,5539] [9,5863] [10,5875] 
Agent 75 choice: [0,1] [1,827] [2,1463] [3,2153] [4,2587] [5,3503] [6,4919] [7,5103] [8,5165] [9,5297] [10,5935] [11,5977] 
Agent 76 choice: [0,1] [1,1031] [2,1049] [3,1609] [4,1911] [5,2031] [6,2361] [7,2679] [8,3219] [9,5091] [10,5709] 
Agent 77 choice: [0,1] [1,1785] [2,2049] [3,2189] [4,2375] [5,2453] [6,2635] [7,3183] [8,3447] [9,4655] [10,4995] 
Agent 78 choice: [0,1] [1,1661] [2,1815] [3,3005] [4,3639] [5,4989] [6,5365] [7,5611] [8,5631] 
Agent 79 choice: [0,1] [1,475] [2,705] [3,1091] [4,1357] [5,1419] [6,2853] [7,3099] [8,3153] [9,4085] [10,4201] [11,4785] [12,5823] [13,6021] 
Agent 80 choice: [0,1] [1,3951] [2,4055] [3,5575] 
Agent 81 choice: [0,1] [1,1785] [2,2049] [3,2189] [4,2375] [5,2453] [6,2635] [7,3183] [8,3447] [9,4165] [10,4303] [11,5489] [12,5739] 
Agent 82 choice: [0,1] [1,541] [2,591] [3,639] [4,785] [5,1481] [6,2231] [7,2355] [8,2381] [9,4001] [10,4079] [11,4257] [12,4661] [13,4749] [14,5231] [15,5587] [16,5745] [17,5775] [18,5899] 
Agent 83 choice: [0,1] [1,3041] [2,5353] [3,6045] 
Agent 84 choice: [0,1] [1,535] [2,1097] [3,1715] [4,2993] [5,3913] [6,4433] [7,4667] [8,5031] [9,5157] 
Agent 85 choice: [0,1] [1,2939] [2,3581] [3,3765] [4,4121] [5,4159] [6,4773] [7,4833] [8,5237] [9,6033] 
Agent 86 choice: [0,1] [1,463] [2,487] [3,1803] [4,1859] [5,2951] [6,3243] [7,3885] [8,4049] [9,4415] [10,4427] [11,5183] [12,5557] 
Agent 87 choice: [0,1] [1,2121] [2,3867] [3,3983] [4,4147] [5,5315] 
Agent 88 choice: [0,1] [1,573] [2,755] [3,791] [4,3471] [5,3739] [6,3813] [7,3925] [8,4127] [9,4451] [10,5285] [11,5563] [12,5733] 
Agent 89 choice: [0,1] [1,841] [2,965] [3,977] [4,1333] [5,1369] [6,1753] [7,1809] [8,1977] [9,3849] [10,3879] [11,4173] [12,4743] [13,5439] [14,5793] 
Agent 90 choice: [0,1] [1,439] [2,2611] [3,2927] [4,3355] [5,4481] [6,5249] [7,5501] 
Agent 91 choice: [0,1] [1,535] [2,1097] [3,1715] [4,2993] [5,4487] [6,4913] [7,5061] 
Agent 92 choice: [0,1] [1,693] [2,891] [3,1079] [4,1431] [5,1779] [6,2281] [7,2665] [8,2753] [9,5371] [10,5463] [11,5477] 
Agent 93 choice: [0,1] [1,1111] [2,1345] [3,2067] [4,4409] [5,4895] [6,5171] [7,5661] [8,5781] 
Agent 94 choice: [0,1] [1,847] [2,1655] [3,1673] [4,1935] [5,3393] [6,4329] [7,4439] 
Agent 95 choice: [0,1] [1,517] [2,1169] [3,1791] [4,2897] [5,3081] [6,5145] [7,5303] [8,6007] [9,6057] 
Agent 96 choice: [0,1] [1,523] [2,1019] [3,1395] [4,1643] [5,1703] [6,1971] [7,2073] [8,2245] [9,4043] [10,4513] [11,5049] [12,5279] [13,5655] [14,5811] 
Agent 97 choice: [0,1] [1,493] [2,879] [3,971] [4,1679] [5,1741] [6,2489] [7,2877] [8,3375] [9,3429] [10,3593] [11,3733] [12,4469] [13,4851] [14,5763] [15,5953] 
Agent 98 choice: [0,1] [1,1249] [2,1339] [3,2097] [4,2287] [5,2581] [6,2915] [7,3117] [8,3575] [9,3989] [10,4931] [11,5507] [12,5637] 
Agent 99 choice: [0,1] [1,421] [2,711] [3,731] [4,2195] [5,2821] [6,3673] [7,4341] [8,4597] [9,5127] [10,5291] 



---------------------------------------------------------------
Normal termination.

---------------------------------------------------------------
	Bilal Abu-Ghazaleh
	CPSC 427/527
	Tue Dec 11 2018	17:24:22
---------------------------------------------------------------
Welcome to Consensus Simulator!
Using seed: 1544567062
   numAgents:      2
   maxRounds:      3
     probNak:    0.9
  probFickle:   0.05
  probExtend:    0.4

Population statistics:
      numNak:      2
   numFickle:      0
    numCrowd:      0
     numOnes:      0
  probExtend:    0.4

Starting simulation with probExtend = 0.4

Current blockchain choices after 3 rounds:
Agent 0 choice: [0,1] [1,15] 
Agent 1 choice: [0,1] [1,15] 



---------------------------------------------------------------
Normal termination.